execve("./cadisi", ["./cadisi"], [/* 63 vars */]) = 0
brk(0)                                  = 0x2c32000
mmap(NULL, 4096, PROT_READ|PROT_WRITE, MAP_PRIVATE|MAP_ANONYMOUS, -1, 0) = 0x7f1161ef0000
access("/etc/ld.so.preload", R_OK)      = -1 ENOENT (No such file or directory)
open("tls/x86_64/libgfortran.so.3", O_RDONLY|O_CLOEXEC) = -1 ENOENT (No such file or directory)
open("tls/libgfortran.so.3", O_RDONLY|O_CLOEXEC) = -1 ENOENT (No such file or directory)
open("x86_64/libgfortran.so.3", O_RDONLY|O_CLOEXEC) = -1 ENOENT (No such file or directory)
open("libgfortran.so.3", O_RDONLY|O_CLOEXEC) = -1 ENOENT (No such file or directory)
open("/home/mjaniak/hess/lib/tls/x86_64/libgfortran.so.3", O_RDONLY|O_CLOEXEC) = -1 ENOENT (No such file or directory)
stat("/home/mjaniak/hess/lib/tls/x86_64", 0x7fffc1fec2a0) = -1 ENOENT (No such file or directory)
open("/home/mjaniak/hess/lib/tls/libgfortran.so.3", O_RDONLY|O_CLOEXEC) = -1 ENOENT (No such file or directory)
stat("/home/mjaniak/hess/lib/tls", 0x7fffc1fec2a0) = -1 ENOENT (No such file or directory)
open("/home/mjaniak/hess/lib/x86_64/libgfortran.so.3", O_RDONLY|O_CLOEXEC) = -1 ENOENT (No such file or directory)
stat("/home/mjaniak/hess/lib/x86_64", 0x7fffc1fec2a0) = -1 ENOENT (No such file or directory)
open("/home/mjaniak/hess/lib/libgfortran.so.3", O_RDONLY|O_CLOEXEC) = -1 ENOENT (No such file or directory)
stat("/home/mjaniak/hess/lib", 0x7fffc1fec2a0) = -1 ENOENT (No such file or directory)
open("/usr/local/hess/lib/tls/x86_64/libgfortran.so.3", O_RDONLY|O_CLOEXEC) = -1 ENOENT (No such file or directory)
stat("/usr/local/hess/lib/tls/x86_64", 0x7fffc1fec2a0) = -1 ENOENT (No such file or directory)
open("/usr/local/hess/lib/tls/libgfortran.so.3", O_RDONLY|O_CLOEXEC) = -1 ENOENT (No such file or directory)
stat("/usr/local/hess/lib/tls", 0x7fffc1fec2a0) = -1 ENOENT (No such file or directory)
open("/usr/local/hess/lib/x86_64/libgfortran.so.3", O_RDONLY|O_CLOEXEC) = -1 ENOENT (No such file or directory)
stat("/usr/local/hess/lib/x86_64", 0x7fffc1fec2a0) = -1 ENOENT (No such file or directory)
open("/usr/local/hess/lib/libgfortran.so.3", O_RDONLY|O_CLOEXEC) = -1 ENOENT (No such file or directory)
stat("/usr/local/hess/lib", {st_mode=S_IFDIR|0755, st_size=4096, ...}) = 0
open("/usr/local/root/5.28.00/lib/tls/x86_64/libgfortran.so.3", O_RDONLY|O_CLOEXEC) = -1 ENOENT (No such file or directory)
stat("/usr/local/root/5.28.00/lib/tls/x86_64", 0x7fffc1fec2a0) = -1 ENOENT (No such file or directory)
open("/usr/local/root/5.28.00/lib/tls/libgfortran.so.3", O_RDONLY|O_CLOEXEC) = -1 ENOENT (No such file or directory)
stat("/usr/local/root/5.28.00/lib/tls", 0x7fffc1fec2a0) = -1 ENOENT (No such file or directory)
open("/usr/local/root/5.28.00/lib/x86_64/libgfortran.so.3", O_RDONLY|O_CLOEXEC) = -1 ENOENT (No such file or directory)
stat("/usr/local/root/5.28.00/lib/x86_64", 0x7fffc1fec2a0) = -1 ENOENT (No such file or directory)
open("/usr/local/root/5.28.00/lib/libgfortran.so.3", O_RDONLY|O_CLOEXEC) = -1 ENOENT (No such file or directory)
stat("/usr/local/root/5.28.00/lib", {st_mode=S_IFDIR|0755, st_size=20480, ...}) = 0
open("/home/mjaniak/Soft/cta/hessioxxx/lib/tls/x86_64/libgfortran.so.3", O_RDONLY|O_CLOEXEC) = -1 ENOENT (No such file or directory)
stat("/home/mjaniak/Soft/cta/hessioxxx/lib/tls/x86_64", 0x7fffc1fec2a0) = -1 ENOENT (No such file or directory)
open("/home/mjaniak/Soft/cta/hessioxxx/lib/tls/libgfortran.so.3", O_RDONLY|O_CLOEXEC) = -1 ENOENT (No such file or directory)
stat("/home/mjaniak/Soft/cta/hessioxxx/lib/tls", 0x7fffc1fec2a0) = -1 ENOENT (No such file or directory)
open("/home/mjaniak/Soft/cta/hessioxxx/lib/x86_64/libgfortran.so.3", O_RDONLY|O_CLOEXEC) = -1 ENOENT (No such file or directory)
stat("/home/mjaniak/Soft/cta/hessioxxx/lib/x86_64", 0x7fffc1fec2a0) = -1 ENOENT (No such file or directory)
open("/home/mjaniak/Soft/cta/hessioxxx/lib/libgfortran.so.3", O_RDONLY|O_CLOEXEC) = -1 ENOENT (No such file or directory)
stat("/home/mjaniak/Soft/cta/hessioxxx/lib", 0x7fffc1fec2a0) = -1 ENOENT (No such file or directory)
open("/home/mjaniak/Soft/scfgp/Release/tls/x86_64/libgfortran.so.3", O_RDONLY|O_CLOEXEC) = -1 ENOENT (No such file or directory)
stat("/home/mjaniak/Soft/scfgp/Release/tls/x86_64", 0x7fffc1fec2a0) = -1 ENOENT (No such file or directory)
open("/home/mjaniak/Soft/scfgp/Release/tls/libgfortran.so.3", O_RDONLY|O_CLOEXEC) = -1 ENOENT (No such file or directory)
stat("/home/mjaniak/Soft/scfgp/Release/tls", 0x7fffc1fec2a0) = -1 ENOENT (No such file or directory)
open("/home/mjaniak/Soft/scfgp/Release/x86_64/libgfortran.so.3", O_RDONLY|O_CLOEXEC) = -1 ENOENT (No such file or directory)
stat("/home/mjaniak/Soft/scfgp/Release/x86_64", 0x7fffc1fec2a0) = -1 ENOENT (No such file or directory)
open("/home/mjaniak/Soft/scfgp/Release/libgfortran.so.3", O_RDONLY|O_CLOEXEC) = -1 ENOENT (No such file or directory)
stat("/home/mjaniak/Soft/scfgp/Release", {st_mode=S_IFDIR|0775, st_size=4096, ...}) = 0
open("/home/mjaniak/Soft/bazinga/Release/tls/x86_64/libgfortran.so.3", O_RDONLY|O_CLOEXEC) = -1 ENOENT (No such file or directory)
stat("/home/mjaniak/Soft/bazinga/Release/tls/x86_64", 0x7fffc1fec2a0) = -1 ENOENT (No such file or directory)
open("/home/mjaniak/Soft/bazinga/Release/tls/libgfortran.so.3", O_RDONLY|O_CLOEXEC) = -1 ENOENT (No such file or directory)
stat("/home/mjaniak/Soft/bazinga/Release/tls", 0x7fffc1fec2a0) = -1 ENOENT (No such file or directory)
open("/home/mjaniak/Soft/bazinga/Release/x86_64/libgfortran.so.3", O_RDONLY|O_CLOEXEC) = -1 ENOENT (No such file or directory)
stat("/home/mjaniak/Soft/bazinga/Release/x86_64", 0x7fffc1fec2a0) = -1 ENOENT (No such file or directory)
open("/home/mjaniak/Soft/bazinga/Release/libgfortran.so.3", O_RDONLY|O_CLOEXEC) = -1 ENOENT (No such file or directory)
stat("/home/mjaniak/Soft/bazinga/Release", {st_mode=S_IFDIR|0775, st_size=4096, ...}) = 0
open("/home/mjaniak/Soft/vheana/Release/tls/x86_64/libgfortran.so.3", O_RDONLY|O_CLOEXEC) = -1 ENOENT (No such file or directory)
stat("/home/mjaniak/Soft/vheana/Release/tls/x86_64", 0x7fffc1fec2a0) = -1 ENOENT (No such file or directory)
open("/home/mjaniak/Soft/vheana/Release/tls/libgfortran.so.3", O_RDONLY|O_CLOEXEC) = -1 ENOENT (No such file or directory)
stat("/home/mjaniak/Soft/vheana/Release/tls", 0x7fffc1fec2a0) = -1 ENOENT (No such file or directory)
open("/home/mjaniak/Soft/vheana/Release/x86_64/libgfortran.so.3", O_RDONLY|O_CLOEXEC) = -1 ENOENT (No such file or directory)
stat("/home/mjaniak/Soft/vheana/Release/x86_64", 0x7fffc1fec2a0) = -1 ENOENT (No such file or directory)
open("/home/mjaniak/Soft/vheana/Release/libgfortran.so.3", O_RDONLY|O_CLOEXEC) = -1 ENOENT (No such file or directory)
stat("/home/mjaniak/Soft/vheana/Release", {st_mode=S_IFDIR|0775, st_size=4096, ...}) = 0
open("/usr/lib/tls/x86_64/libgfortran.so.3", O_RDONLY|O_CLOEXEC) = -1 ENOENT (No such file or directory)
stat("/usr/lib/tls/x86_64", 0x7fffc1fec2a0) = -1 ENOENT (No such file or directory)
open("/usr/lib/tls/libgfortran.so.3", O_RDONLY|O_CLOEXEC) = -1 ENOENT (No such file or directory)
stat("/usr/lib/tls", 0x7fffc1fec2a0)    = -1 ENOENT (No such file or directory)
open("/usr/lib/x86_64/libgfortran.so.3", O_RDONLY|O_CLOEXEC) = -1 ENOENT (No such file or directory)
stat("/usr/lib/x86_64", 0x7fffc1fec2a0) = -1 ENOENT (No such file or directory)
open("/usr/lib/libgfortran.so.3", O_RDONLY|O_CLOEXEC) = -1 ENOENT (No such file or directory)
stat("/usr/lib", {st_mode=S_IFDIR|0555, st_size=36864, ...}) = 0
open("/etc/ld.so.cache", O_RDONLY|O_CLOEXEC) = 3
fstat(3, {st_mode=S_IFREG|0644, st_size=196412, ...}) = 0
mmap(NULL, 196412, PROT_READ, MAP_PRIVATE, 3, 0) = 0x7f1161ec0000
close(3)                                = 0
open("/lib64/libgfortran.so.3", O_RDONLY|O_CLOEXEC) = 3
read(3, "\177ELF\2\1\1\0\0\0\0\0\0\0\0\0\3\0>\0\1\0\0\0`\216\1\0\0\0\0\0"..., 832) = 832
fstat(3, {st_mode=S_IFREG|0755, st_size=1182008, ...}) = 0
mmap(NULL, 3277648, PROT_READ|PROT_EXEC, MAP_PRIVATE|MAP_DENYWRITE, 3, 0) = 0x7f11619b1000
mprotect(0x7f1161acf000, 2097152, PROT_NONE) = 0
mmap(0x7f1161ccf000, 12288, PROT_READ|PROT_WRITE, MAP_PRIVATE|MAP_FIXED|MAP_DENYWRITE, 3, 0x11e000) = 0x7f1161ccf000
close(3)                                = 0
open("tls/x86_64/libm.so.6", O_RDONLY|O_CLOEXEC) = -1 ENOENT (No such file or directory)
open("tls/libm.so.6", O_RDONLY|O_CLOEXEC) = -1 ENOENT (No such file or directory)
open("x86_64/libm.so.6", O_RDONLY|O_CLOEXEC) = -1 ENOENT (No such file or directory)
open("libm.so.6", O_RDONLY|O_CLOEXEC)   = -1 ENOENT (No such file or directory)
open("/usr/local/hess/lib/libm.so.6", O_RDONLY|O_CLOEXEC) = -1 ENOENT (No such file or directory)
open("/usr/local/root/5.28.00/lib/libm.so.6", O_RDONLY|O_CLOEXEC) = -1 ENOENT (No such file or directory)
open("/home/mjaniak/Soft/scfgp/Release/libm.so.6", O_RDONLY|O_CLOEXEC) = -1 ENOENT (No such file or directory)
open("/home/mjaniak/Soft/bazinga/Release/libm.so.6", O_RDONLY|O_CLOEXEC) = -1 ENOENT (No such file or directory)
open("/home/mjaniak/Soft/vheana/Release/libm.so.6", O_RDONLY|O_CLOEXEC) = -1 ENOENT (No such file or directory)
open("/usr/lib/libm.so.6", O_RDONLY|O_CLOEXEC) = 3
read(3, "\177ELF\1\1\1\3\0\0\0\0\0\0\0\0\3\0\3\0\1\0\0\0\220F\0\0004\0\0\0"..., 832) = 832
close(3)                                = 0
open("/lib64/libm.so.6", O_RDONLY|O_CLOEXEC) = 3
read(3, "\177ELF\2\1\1\3\0\0\0\0\0\0\0\0\3\0>\0\1\0\0\0\220X\0\0\0\0\0\0"..., 832) = 832
fstat(3, {st_mode=S_IFREG|0755, st_size=1159944, ...}) = 0
mmap(NULL, 4096, PROT_READ|PROT_WRITE, MAP_PRIVATE|MAP_ANONYMOUS, -1, 0) = 0x7f1161ebf000
mmap(NULL, 3170648, PROT_READ|PROT_EXEC, MAP_PRIVATE|MAP_DENYWRITE, 3, 0) = 0x7f11616aa000
mprotect(0x7f11617af000, 2097152, PROT_NONE) = 0
mmap(0x7f11619af000, 8192, PROT_READ|PROT_WRITE, MAP_PRIVATE|MAP_FIXED|MAP_DENYWRITE, 3, 0x105000) = 0x7f11619af000
close(3)                                = 0
open("tls/x86_64/libgcc_s.so.1", O_RDONLY|O_CLOEXEC) = -1 ENOENT (No such file or directory)
open("tls/libgcc_s.so.1", O_RDONLY|O_CLOEXEC) = -1 ENOENT (No such file or directory)
open("x86_64/libgcc_s.so.1", O_RDONLY|O_CLOEXEC) = -1 ENOENT (No such file or directory)
open("libgcc_s.so.1", O_RDONLY|O_CLOEXEC) = -1 ENOENT (No such file or directory)
open("/usr/local/hess/lib/libgcc_s.so.1", O_RDONLY|O_CLOEXEC) = -1 ENOENT (No such file or directory)
open("/usr/local/root/5.28.00/lib/libgcc_s.so.1", O_RDONLY|O_CLOEXEC) = -1 ENOENT (No such file or directory)
open("/home/mjaniak/Soft/scfgp/Release/libgcc_s.so.1", O_RDONLY|O_CLOEXEC) = -1 ENOENT (No such file or directory)
open("/home/mjaniak/Soft/bazinga/Release/libgcc_s.so.1", O_RDONLY|O_CLOEXEC) = -1 ENOENT (No such file or directory)
open("/home/mjaniak/Soft/vheana/Release/libgcc_s.so.1", O_RDONLY|O_CLOEXEC) = -1 ENOENT (No such file or directory)
open("/usr/lib/libgcc_s.so.1", O_RDONLY|O_CLOEXEC) = 3
read(3, "\177ELF\1\1\1\0\0\0\0\0\0\0\0\0\3\0\3\0\1\0\0\0\300 \0\0004\0\0\0"..., 832) = 832
close(3)                                = 0
open("/lib64/libgcc_s.so.1", O_RDONLY|O_CLOEXEC) = 3
read(3, "\177ELF\2\1\1\0\0\0\0\0\0\0\0\0\3\0>\0\1\0\0\0\360*\0\0\0\0\0\0"..., 832) = 832
fstat(3, {st_mode=S_IFREG|0755, st_size=88720, ...}) = 0
mmap(NULL, 2184192, PROT_READ|PROT_EXEC, MAP_PRIVATE|MAP_DENYWRITE, 3, 0) = 0x7f1161494000
mprotect(0x7f11614a9000, 2093056, PROT_NONE) = 0
mmap(0x7f11616a8000, 8192, PROT_READ|PROT_WRITE, MAP_PRIVATE|MAP_FIXED|MAP_DENYWRITE, 3, 0x14000) = 0x7f11616a8000
close(3)                                = 0
open("tls/x86_64/libquadmath.so.0", O_RDONLY|O_CLOEXEC) = -1 ENOENT (No such file or directory)
open("tls/libquadmath.so.0", O_RDONLY|O_CLOEXEC) = -1 ENOENT (No such file or directory)
open("x86_64/libquadmath.so.0", O_RDONLY|O_CLOEXEC) = -1 ENOENT (No such file or directory)
open("libquadmath.so.0", O_RDONLY|O_CLOEXEC) = -1 ENOENT (No such file or directory)
open("/usr/local/hess/lib/libquadmath.so.0", O_RDONLY|O_CLOEXEC) = -1 ENOENT (No such file or directory)
open("/usr/local/root/5.28.00/lib/libquadmath.so.0", O_RDONLY|O_CLOEXEC) = -1 ENOENT (No such file or directory)
open("/home/mjaniak/Soft/scfgp/Release/libquadmath.so.0", O_RDONLY|O_CLOEXEC) = -1 ENOENT (No such file or directory)
open("/home/mjaniak/Soft/bazinga/Release/libquadmath.so.0", O_RDONLY|O_CLOEXEC) = -1 ENOENT (No such file or directory)
open("/home/mjaniak/Soft/vheana/Release/libquadmath.so.0", O_RDONLY|O_CLOEXEC) = -1 ENOENT (No such file or directory)
open("/usr/lib/libquadmath.so.0", O_RDONLY|O_CLOEXEC) = -1 ENOENT (No such file or directory)
open("/lib64/libquadmath.so.0", O_RDONLY|O_CLOEXEC) = 3
read(3, "\177ELF\2\1\1\0\0\0\0\0\0\0\0\0\3\0>\0\1\0\0\0\20$\0\0\0\0\0\0"..., 832) = 832
fstat(3, {st_mode=S_IFREG|0755, st_size=244904, ...}) = 0
mmap(NULL, 2339984, PROT_READ|PROT_EXEC, MAP_PRIVATE|MAP_DENYWRITE, 3, 0) = 0x7f1161258000
mprotect(0x7f1161293000, 2093056, PROT_NONE) = 0
mmap(0x7f1161492000, 8192, PROT_READ|PROT_WRITE, MAP_PRIVATE|MAP_FIXED|MAP_DENYWRITE, 3, 0x3a000) = 0x7f1161492000
close(3)                                = 0
open("tls/x86_64/libc.so.6", O_RDONLY|O_CLOEXEC) = -1 ENOENT (No such file or directory)
open("tls/libc.so.6", O_RDONLY|O_CLOEXEC) = -1 ENOENT (No such file or directory)
open("x86_64/libc.so.6", O_RDONLY|O_CLOEXEC) = -1 ENOENT (No such file or directory)
open("libc.so.6", O_RDONLY|O_CLOEXEC)   = -1 ENOENT (No such file or directory)
open("/usr/local/hess/lib/libc.so.6", O_RDONLY|O_CLOEXEC) = -1 ENOENT (No such file or directory)
open("/usr/local/root/5.28.00/lib/libc.so.6", O_RDONLY|O_CLOEXEC) = -1 ENOENT (No such file or directory)
open("/home/mjaniak/Soft/scfgp/Release/libc.so.6", O_RDONLY|O_CLOEXEC) = -1 ENOENT (No such file or directory)
open("/home/mjaniak/Soft/bazinga/Release/libc.so.6", O_RDONLY|O_CLOEXEC) = -1 ENOENT (No such file or directory)
open("/home/mjaniak/Soft/vheana/Release/libc.so.6", O_RDONLY|O_CLOEXEC) = -1 ENOENT (No such file or directory)
open("/usr/lib/libc.so.6", O_RDONLY|O_CLOEXEC) = 3
read(3, "\177ELF\1\1\1\3\0\0\0\0\0\0\0\0\3\0\3\0\1\0\0\0\320\234\1\0004\0\0\0"..., 832) = 832
close(3)                                = 0
open("/lib64/libc.so.6", O_RDONLY|O_CLOEXEC) = 3
read(3, "\177ELF\2\1\1\3\0\0\0\0\0\0\0\0\3\0>\0\1\0\0\0p\36\2\0\0\0\0\0"..., 832) = 832
fstat(3, {st_mode=S_IFREG|0755, st_size=2097264, ...}) = 0
mmap(NULL, 4096, PROT_READ|PROT_WRITE, MAP_PRIVATE|MAP_ANONYMOUS, -1, 0) = 0x7f1161ebe000
mmap(NULL, 3924576, PROT_READ|PROT_EXEC, MAP_PRIVATE|MAP_DENYWRITE, 3, 0) = 0x7f1160e99000
mprotect(0x7f116104d000, 2097152, PROT_NONE) = 0
mmap(0x7f116124d000, 24576, PROT_READ|PROT_WRITE, MAP_PRIVATE|MAP_FIXED|MAP_DENYWRITE, 3, 0x1b4000) = 0x7f116124d000
mmap(0x7f1161253000, 16992, PROT_READ|PROT_WRITE, MAP_PRIVATE|MAP_FIXED|MAP_ANONYMOUS, -1, 0) = 0x7f1161253000
close(3)                                = 0
mmap(NULL, 4096, PROT_READ|PROT_WRITE, MAP_PRIVATE|MAP_ANONYMOUS, -1, 0) = 0x7f1161ebd000
mmap(NULL, 8192, PROT_READ|PROT_WRITE, MAP_PRIVATE|MAP_ANONYMOUS, -1, 0) = 0x7f1161ebb000
arch_prctl(ARCH_SET_FS, 0x7f1161ebb740) = 0
mprotect(0x7f116124d000, 16384, PROT_READ) = 0
mprotect(0x7f11619af000, 4096, PROT_READ) = 0
mprotect(0x7f1161492000, 4096, PROT_READ) = 0
mprotect(0x7f11616a8000, 4096, PROT_READ) = 0
mprotect(0x7f1161ccf000, 4096, PROT_READ) = 0
mprotect(0x60a000, 4096, PROT_READ)     = 0
mprotect(0x7f1161ef1000, 4096, PROT_READ) = 0
munmap(0x7f1161ec0000, 196412)          = 0
brk(0)                                  = 0x2c32000
brk(0x2c53000)                          = 0x2c53000
fstat(0, {st_mode=S_IFCHR|0620, st_rdev=makedev(136, 0), ...}) = 0
fstat(1, {st_mode=S_IFIFO|0600, st_size=0, ...}) = 0
fstat(2, {st_mode=S_IFIFO|0600, st_size=0, ...}) = 0
readlink("/proc/self/exe", "/home/mjaniak/Soft/cadisi/soft/c"..., 4095) = 37
rt_sigaction(SIGQUIT, {0x7f11619caa80, [QUIT], SA_RESTORER|SA_RESTART, 0x7f1160ececb0}, {SIG_DFL, [], 0}, 8) = 0
rt_sigaction(SIGILL, {0x7f11619caa80, [ILL], SA_RESTORER|SA_RESTART, 0x7f1160ececb0}, {SIG_DFL, [], 0}, 8) = 0
rt_sigaction(SIGABRT, {0x7f11619caa80, [ABRT], SA_RESTORER|SA_RESTART, 0x7f1160ececb0}, {SIG_DFL, [], 0}, 8) = 0
rt_sigaction(SIGFPE, {0x7f11619caa80, [FPE], SA_RESTORER|SA_RESTART, 0x7f1160ececb0}, {SIG_DFL, [], 0}, 8) = 0
rt_sigaction(SIGSEGV, {0x7f11619caa80, [SEGV], SA_RESTORER|SA_RESTART, 0x7f1160ececb0}, {SIG_DFL, [], 0}, 8) = 0
rt_sigaction(SIGBUS, {0x7f11619caa80, [BUS], SA_RESTORER|SA_RESTART, 0x7f1160ececb0}, {SIG_DFL, [], 0}, 8) = 0
rt_sigaction(SIGSYS, {0x7f11619caa80, [SYS], SA_RESTORER|SA_RESTART, 0x7f1160ececb0}, {SIG_DFL, [], 0}, 8) = 0
rt_sigaction(SIGTRAP, {0x7f11619caa80, [TRAP], SA_RESTORER|SA_RESTART, 0x7f1160ececb0}, {SIG_DFL, [], 0}, 8) = 0
rt_sigaction(SIGXCPU, {0x7f11619caa80, [XCPU], SA_RESTORER|SA_RESTART, 0x7f1160ececb0}, {SIG_DFL, [], 0}, 8) = 0
rt_sigaction(SIGXFSZ, {0x7f11619caa80, [XFSZ], SA_RESTORER|SA_RESTART, 0x7f1160ececb0}, {SIG_DFL, [], 0}, 8) = 0
access("/home/mjaniak/bin/addr2line", R_OK|X_OK) = -1 ENOENT (No such file or directory)
access("/usr/lib/qt-3.3/bin/addr2line", R_OK|X_OK) = -1 ENOENT (No such file or directory)
access("/home/mjaniak/bin/addr2line", R_OK|X_OK) = -1 ENOENT (No such file or directory)
access("/usr/local/bin/addr2line", R_OK|X_OK) = -1 ENOENT (No such file or directory)
access("/usr/bin/addr2line", R_OK|X_OK) = 0
getrusage(RUSAGE_SELF, {ru_utime={0, 0}, ru_stime={0, 1000}, ...}) = 0
stat("cadisi.par", {st_mode=S_IFREG|0644, st_size=2255, ...}) = 0
open("cadisi.par", O_RDWR|O_CREAT, 0666) = 3
fstat(3, {st_mode=S_IFREG|0644, st_size=2255, ...}) = 0
read(3, "2         ncer: Cherenkov photon"..., 8192) = 2255
read(3, "", 8192)                       = 0
close(3)                                = 0
stat("cadisi.results", {st_mode=S_IFREG|0644, st_size=1231, ...}) = 0
open("cadisi.results", O_RDWR|O_CREAT, 0666) = 3
fstat(3, {st_mode=S_IFREG|0644, st_size=1231, ...}) = 0
stat("mppcspenormean.dat", {st_mode=S_IFREG|0644, st_size=18605, ...}) = 0
open("mppcspenormean.dat", O_RDWR|O_CREAT, 0666) = 4
fstat(4, {st_mode=S_IFREG|0644, st_size=18605, ...}) = 0
read(4, "0 2.75548e-11\n0.00439 3.51181e-1"..., 8192) = 8192
read(4, "99745 0.0264504\n2.00184 0.025170"..., 8192) = 8192
read(4, "025221\n3.90271 0.000241782\n3.907"..., 8192) = 2221
read(4, "", 8192)                       = 0
read(4, "", 8192)                       = 0
close(4)                                = 0
write(3, " Photons:           0           "..., 73) = 73
ftruncate(3, 73)                        = 0
getrusage(RUSAGE_SELF, {ru_utime={68, 147000}, ru_stime={0, 9000}, ...}) = 0
write(3, " Detector pulse integral and max"..., 1158) = 1158
close(3)                                = 0
exit_group(0)                           = ?
+++ exited with 0 +++
